Determining if the pthread_create exist failed with the following output:
Change Dir: /home/major/dlib-19.2/tools/python/build/dlib_build/cudnn_test_build/CMakeFiles/CMakeTmp

Run Build Command:"/usr/bin/make" "cmTC_49c7d/fast"
/usr/bin/make -f CMakeFiles/cmTC_49c7d.dir/build.make CMakeFiles/cmTC_49c7d.dir/build
make[1]: Entering directory '/home/major/dlib-19.2/tools/python/build/dlib_build/cudnn_test_build/CMakeFiles/CMakeTmp'
Building C object CMakeFiles/cmTC_49c7d.dir/CheckSymbolExists.c.o
/usr/bin/cc    -fPIC    -o CMakeFiles/cmTC_49c7d.dir/CheckSymbolExists.c.o   -c /home/major/dlib-19.2/tools/python/build/dlib_build/cudnn_test_build/CMakeFiles/CMakeTmp/CheckSymbolExists.c
Linking C executable cmTC_49c7d
/usr/bin/cmake -E cmake_link_script CMakeFiles/cmTC_49c7d.dir/link.txt --verbose=1
/usr/bin/cc  -fPIC     CMakeFiles/cmTC_49c7d.dir/CheckSymbolExists.c.o  -o cmTC_49c7d -rdynamic 
CMakeFiles/cmTC_49c7d.dir/CheckSymbolExists.c.o: In function `main':
CheckSymbolExists.c:(.text+0x1b): undefined reference to `pthread_create'
collect2: error: ld returned 1 exit status
CMakeFiles/cmTC_49c7d.dir/build.make:97: recipe for target 'cmTC_49c7d' failed
make[1]: *** [cmTC_49c7d] Error 1
make[1]: Leaving directory '/home/major/dlib-19.2/tools/python/build/dlib_build/cudnn_test_build/CMakeFiles/CMakeTmp'
Makefile:126: recipe for target 'cmTC_49c7d/fast' failed
make: *** [cmTC_49c7d/fast] Error 2

File /home/major/dlib-19.2/tools/python/build/dlib_build/cudnn_test_build/CMakeFiles/CMakeTmp/CheckSymbolExists.c:
/* */
#include <pthread.h>

int main(int argc, char** argv)
{
  (void)argv;
#ifndef pthread_create
  return ((int*)(&pthread_create))[argc];
#else
  (void)argc;
  return 0;
#endif
}

Determining if the function pthread_create exists in the pthreads failed with the following output:
Change Dir: /home/major/dlib-19.2/tools/python/build/dlib_build/cudnn_test_build/CMakeFiles/CMakeTmp

Run Build Command:"/usr/bin/make" "cmTC_76e76/fast"
/usr/bin/make -f CMakeFiles/cmTC_76e76.dir/build.make CMakeFiles/cmTC_76e76.dir/build
make[1]: Entering directory '/home/major/dlib-19.2/tools/python/build/dlib_build/cudnn_test_build/CMakeFiles/CMakeTmp'
Building C object CMakeFiles/cmTC_76e76.dir/CheckFunctionExists.c.o
/usr/bin/cc    -fPIC -DCHECK_FUNCTION_EXISTS=pthread_create   -o CMakeFiles/cmTC_76e76.dir/CheckFunctionExists.c.o   -c /usr/share/cmake-3.5/Modules/CheckFunctionExists.c
Linking C executable cmTC_76e76
/usr/bin/cmake -E cmake_link_script CMakeFiles/cmTC_76e76.dir/link.txt --verbose=1
/usr/bin/cc  -fPIC -DCHECK_FUNCTION_EXISTS=pthread_create    CMakeFiles/cmTC_76e76.dir/CheckFunctionExists.c.o  -o cmTC_76e76 -rdynamic -lpthreads 
/usr/bin/ld: cannot find -lpthreads
collect2: error: ld returned 1 exit status
CMakeFiles/cmTC_76e76.dir/build.make:97: recipe for target 'cmTC_76e76' failed
make[1]: *** [cmTC_76e76] Error 1
make[1]: Leaving directory '/home/major/dlib-19.2/tools/python/build/dlib_build/cudnn_test_build/CMakeFiles/CMakeTmp'
Makefile:126: recipe for target 'cmTC_76e76/fast' failed
make: *** [cmTC_76e76/fast] Error 2


